# JRE version: Java(TM) SE Runtime Environment (21.0.8+12) (build 21.0.8+12-LTS-250)
# Java VM: Java HotSpot(TM) 64-Bit Server VM (21.0.8+12-LTS-250, mixed mode, sharing, tiered, compressed oops, compressed class ptrs, parallel gc, windows-amd64)
GC Precious Log:
 CardTable entry size: 512
 CPUs: 16 total, 16 available
 Memory: 31864M
 Large Page Support: Disabled
 NUMA Support: Disabled
 Compressed Oops: Enabled (32-bit)
 Alignments: Space 512K, Generation 512K, Heap 2M
 Heap Min Capacity: 100M
 Heap Initial Capacity: 100M
 Heap Max Capacity: 2G
 Pre-touch: Disabled
 Parallel Workers: 13
Heap:
 PSYoungGen      total 4096K, used 416K [0x00000000d5580000, 0x00000000d5a00000, 0x0000000100000000)
  eden space 3072K, 0% used [0x00000000d5580000,0x00000000d5580000,0x00000000d5880000)
  from space 1024K, 40% used [0x00000000d5880000,0x00000000d58e8000,0x00000000d5980000)
  to   space 512K, 0% used [0x00000000d5980000,0x00000000d5980000,0x00000000d5a00000)
 ParOldGen       total 188928K, used 188698K [0x0000000080000000, 0x000000008b880000, 0x00000000d5580000)
  object space 188928K, 99% used [0x0000000080000000,0x000000008b8469e0,0x000000008b880000)
 Metaspace       used 94791K, committed 96512K, reserved 1179648K
  class space    used 9085K, committed 9920K, reserved 1048576K
GC Heap History (20 events):
Event: 11334.835 GC heap after
{Heap after GC invocations=9185 (full 148):
 PSYoungGen      total 4608K, used 1104K [0x00000000d5580000, 0x00000000d5b80000, 0x0000000100000000)
  eden space 3072K, 0% used [0x00000000d5580000,0x00000000d5580000,0x00000000d5880000)
  from space 1536K, 71% used [0x00000000d5a00000,0x00000000d5b14010,0x00000000d5b80000)
  to   space 1536K, 0% used [0x00000000d5880000,0x00000000d5880000,0x00000000d5a00000)
 ParOldGen       total 188928K, used 185755K [0x0000000080000000, 0x000000008b880000, 0x00000000d5580000)
  object space 188928K, 98% used [0x0000000080000000,0x000000008b566d10,0x000000008b880000)
 Metaspace       used 94790K, committed 96512K, reserved 1179648K
  class space    used 9085K, committed 9920K, reserved 1048576K
}
Event: 11334.838 GC heap before
{Heap before GC invocations=9186 (full 148):
 PSYoungGen      total 4608K, used 4176K [0x00000000d5580000, 0x00000000d5b80000, 0x0000000100000000)
  eden space 3072K, 100% used [0x00000000d5580000,0x00000000d5880000,0x00000000d5880000)
  from space 1536K, 71% used [0x00000000d5a00000,0x00000000d5b14010,0x00000000d5b80000)
  to   space 1536K, 0% used [0x00000000d5880000,0x00000000d5880000,0x00000000d5a00000)
 ParOldGen       total 188928K, used 185755K [0x0000000080000000, 0x000000008b880000, 0x00000000d5580000)
  object space 188928K, 98% used [0x0000000080000000,0x000000008b566d10,0x000000008b880000)
 Metaspace       used 94790K, committed 96512K, reserved 1179648K
  class space    used 9085K, committed 9920K, reserved 1048576K
}
Event: 11334.838 GC heap after
{Heap after GC invocations=9186 (full 148):
 PSYoungGen      total 4096K, used 675K [0x00000000d5580000, 0x00000000d5a80000, 0x0000000100000000)
  eden space 3072K, 0% used [0x00000000d5580000,0x00000000d5580000,0x00000000d5880000)
  from space 1024K, 66% used [0x00000000d5880000,0x00000000d5928fb0,0x00000000d5980000)
  to   space 1024K, 0% used [0x00000000d5980000,0x00000000d5980000,0x00000000d5a80000)
 ParOldGen       total 188928K, used 186627K [0x0000000080000000, 0x000000008b880000, 0x00000000d5580000)
  object space 188928K, 98% used [0x0000000080000000,0x000000008b640d30,0x000000008b880000)
 Metaspace       used 94790K, committed 96512K, reserved 1179648K
  class space    used 9085K, committed 9920K, reserved 1048576K
}
Event: 11334.841 GC heap before
{Heap before GC invocations=9187 (full 148):
 PSYoungGen      total 4096K, used 3747K [0x00000000d5580000, 0x00000000d5a80000, 0x0000000100000000)
  eden space 3072K, 100% used [0x00000000d5580000,0x00000000d5880000,0x00000000d5880000)
  from space 1024K, 66% used [0x00000000d5880000,0x00000000d5928fb0,0x00000000d5980000)
  to   space 1024K, 0% used [0x00000000d5980000,0x00000000d5980000,0x00000000d5a80000)
 ParOldGen       total 188928K, used 186627K [0x0000000080000000, 0x000000008b880000, 0x00000000d5580000)
  object space 188928K, 98% used [0x0000000080000000,0x000000008b640d30,0x000000008b880000)
 Metaspace       used 94790K, committed 96512K, reserved 1179648K
  class space    used 9085K, committed 9920K, reserved 1048576K
}
Event: 11334.841 GC heap after
{Heap after GC invocations=9187 (full 148):
 PSYoungGen      total 4096K, used 727K [0x00000000d5580000, 0x00000000d5a80000, 0x0000000100000000)
  eden space 3072K, 0% used [0x00000000d5580000,0x00000000d5580000,0x00000000d5880000)
  from space 1024K, 71% used [0x00000000d5980000,0x00000000d5a35dd0,0x00000000d5a80000)
  to   space 1024K, 0% used [0x00000000d5880000,0x00000000d5880000,0x00000000d5980000)
 ParOldGen       total 188928K, used 187130K [0x0000000080000000, 0x000000008b880000, 0x00000000d5580000)
  object space 188928K, 99% used [0x0000000080000000,0x000000008b6beb40,0x000000008b880000)
 Metaspace       used 94790K, committed 96512K, reserved 1179648K
  class space    used 9085K, committed 9920K, reserved 1048576K
}
Event: 11541.589 GC heap before
{Heap before GC invocations=9188 (full 148):
 PSYoungGen      total 4096K, used 3799K [0x00000000d5580000, 0x00000000d5a80000, 0x0000000100000000)
  eden space 3072K, 99% used [0x00000000d5580000,0x00000000d587fff8,0x00000000d5880000)
  from space 1024K, 71% used [0x00000000d5980000,0x00000000d5a35dd0,0x00000000d5a80000)
  to   space 1024K, 0% used [0x00000000d5880000,0x00000000d5880000,0x00000000d5980000)
 ParOldGen       total 188928K, used 187130K [0x0000000080000000, 0x000000008b880000, 0x00000000d5580000)
  object space 188928K, 99% used [0x0000000080000000,0x000000008b6beb40,0x000000008b880000)
 Metaspace       used 94790K, committed 96512K, reserved 1179648K
  class space    used 9085K, committed 9920K, reserved 1048576K
}
Event: 11541.590 GC heap after
{Heap after GC invocations=9188 (full 148):
 PSYoungGen      total 4096K, used 561K [0x00000000d5580000, 0x00000000d5a80000, 0x0000000100000000)
  eden space 3072K, 0% used [0x00000000d5580000,0x00000000d5580000,0x00000000d5880000)
  from space 1024K, 54% used [0x00000000d5880000,0x00000000d590c730,0x00000000d5980000)
  to   space 1024K, 0% used [0x00000000d5980000,0x00000000d5980000,0x00000000d5a80000)
 ParOldGen       total 188928K, used 187594K [0x0000000080000000, 0x000000008b880000, 0x00000000d5580000)
  object space 188928K, 99% used [0x0000000080000000,0x000000008b732b50,0x000000008b880000)
 Metaspace       used 94790K, committed 96512K, reserved 1179648K
  class space    used 9085K, committed 9920K, reserved 1048576K
}
Event: 18491.729 GC heap before
{Heap before GC invocations=9189 (full 148):
 PSYoungGen      total 4096K, used 3633K [0x00000000d5580000, 0x00000000d5a80000, 0x0000000100000000)
  eden space 3072K, 100% used [0x00000000d5580000,0x00000000d5880000,0x00000000d5880000)
  from space 1024K, 54% used [0x00000000d5880000,0x00000000d590c730,0x00000000d5980000)
  to   space 1024K, 0% used [0x00000000d5980000,0x00000000d5980000,0x00000000d5a80000)
 ParOldGen       total 188928K, used 187594K [0x0000000080000000, 0x000000008b880000, 0x00000000d5580000)
  object space 188928K, 99% used [0x0000000080000000,0x000000008b732b50,0x000000008b880000)
 Metaspace       used 94791K, committed 96512K, reserved 1179648K
  class space    used 9085K, committed 9920K, reserved 1048576K
}
Event: 18491.736 GC heap after
{Heap after GC invocations=9189 (full 148):
 PSYoungGen      total 3584K, used 224K [0x00000000d5580000, 0x00000000d5a00000, 0x0000000100000000)
  eden space 3072K, 0% used [0x00000000d5580000,0x00000000d5580000,0x00000000d5880000)
  from space 512K, 43% used [0x00000000d5980000,0x00000000d59b8000,0x00000000d5a00000)
  to   space 512K, 0% used [0x00000000d5900000,0x00000000d5900000,0x00000000d5980000)
 ParOldGen       total 188928K, used 188033K [0x0000000080000000, 0x000000008b880000, 0x00000000d5580000)
  object space 188928K, 99% used [0x0000000080000000,0x000000008b7a0640,0x000000008b880000)
 Metaspace       used 94791K, committed 96512K, reserved 1179648K
  class space    used 9085K, committed 9920K, reserved 1048576K
}
Event: 18562.293 GC heap before
{Heap before GC invocations=9190 (full 148):
 PSYoungGen      total 3584K, used 3296K [0x00000000d5580000, 0x00000000d5a00000, 0x0000000100000000)
  eden space 3072K, 100% used [0x00000000d5580000,0x00000000d5880000,0x00000000d5880000)
  from space 512K, 43% used [0x00000000d5980000,0x00000000d59b8000,0x00000000d5a00000)
  to   space 512K, 0% used [0x00000000d5900000,0x00000000d5900000,0x00000000d5980000)
 ParOldGen       total 188928K, used 188033K [0x0000000080000000, 0x000000008b880000, 0x00000000d5580000)
  object space 188928K, 99% used [0x0000000080000000,0x000000008b7a0640,0x000000008b880000)
 Metaspace       used 94791K, committed 96512K, reserved 1179648K
  class space    used 9085K, committed 9920K, reserved 1048576K
}
Event: 18562.293 GC heap after
{Heap after GC invocations=9190 (full 148):
 PSYoungGen      total 3584K, used 352K [0x00000000d5580000, 0x00000000d5a00000, 0x0000000100000000)
  eden space 3072K, 0% used [0x00000000d5580000,0x00000000d5580000,0x00000000d5880000)
  from space 512K, 68% used [0x00000000d5900000,0x00000000d5958000,0x00000000d5980000)
  to   space 512K, 0% used [0x00000000d5980000,0x00000000d5980000,0x00000000d5a00000)
 ParOldGen       total 188928K, used 188033K [0x0000000080000000, 0x000000008b880000, 0x00000000d5580000)
  object space 188928K, 99% used [0x0000000080000000,0x000000008b7a0640,0x000000008b880000)
 Metaspace       used 94791K, committed 96512K, reserved 1179648K
  class space    used 9085K, committed 9920K, reserved 1048576K
}
Event: 18562.390 GC heap before
{Heap before GC invocations=9191 (full 148):
 PSYoungGen      total 3584K, used 3424K [0x00000000d5580000, 0x00000000d5a00000, 0x0000000100000000)
  eden space 3072K, 100% used [0x00000000d5580000,0x00000000d5880000,0x00000000d5880000)
  from space 512K, 68% used [0x00000000d5900000,0x00000000d5958000,0x00000000d5980000)
  to   space 512K, 0% used [0x00000000d5980000,0x00000000d5980000,0x00000000d5a00000)
 ParOldGen       total 188928K, used 188033K [0x0000000080000000, 0x000000008b880000, 0x00000000d5580000)
  object space 188928K, 99% used [0x0000000080000000,0x000000008b7a0640,0x000000008b880000)
 Metaspace       used 94791K, committed 96512K, reserved 1179648K
  class space    used 9085K, committed 9920K, reserved 1048576K
}
Event: 18562.390 GC heap after
{Heap after GC invocations=9191 (full 148):
 PSYoungGen      total 3584K, used 320K [0x00000000d5580000, 0x00000000d5a00000, 0x0000000100000000)
  eden space 3072K, 0% used [0x00000000d5580000,0x00000000d5580000,0x00000000d5880000)
  from space 512K, 62% used [0x00000000d5980000,0x00000000d59d0000,0x00000000d5a00000)
  to   space 512K, 0% used [0x00000000d5900000,0x00000000d5900000,0x00000000d5980000)
 ParOldGen       total 188928K, used 188113K [0x0000000080000000, 0x000000008b880000, 0x00000000d5580000)
  object space 188928K, 99% used [0x0000000080000000,0x000000008b7b4640,0x000000008b880000)
 Metaspace       used 94791K, committed 96512K, reserved 1179648K
  class space    used 9085K, committed 9920K, reserved 1048576K
}
Event: 18562.457 GC heap before
{Heap before GC invocations=9192 (full 148):
 PSYoungGen      total 3584K, used 3392K [0x00000000d5580000, 0x00000000d5a00000, 0x0000000100000000)
  eden space 3072K, 100% used [0x00000000d5580000,0x00000000d5880000,0x00000000d5880000)
  from space 512K, 62% used [0x00000000d5980000,0x00000000d59d0000,0x00000000d5a00000)
  to   space 512K, 0% used [0x00000000d5900000,0x00000000d5900000,0x00000000d5980000)
 ParOldGen       total 188928K, used 188113K [0x0000000080000000, 0x000000008b880000, 0x00000000d5580000)
  object space 188928K, 99% used [0x0000000080000000,0x000000008b7b4640,0x000000008b880000)
 Metaspace       used 94791K, committed 96512K, reserved 1179648K
  class space    used 9085K, committed 9920K, reserved 1048576K
}
Event: 18562.458 GC heap after
{Heap after GC invocations=9192 (full 148):
 PSYoungGen      total 3584K, used 448K [0x00000000d5580000, 0x00000000d5a00000, 0x0000000100000000)
  eden space 3072K, 0% used [0x00000000d5580000,0x00000000d5580000,0x00000000d5880000)
  from space 512K, 87% used [0x00000000d5900000,0x00000000d5970020,0x00000000d5980000)
  to   space 512K, 0% used [0x00000000d5980000,0x00000000d5980000,0x00000000d5a00000)
 ParOldGen       total 188928K, used 188137K [0x0000000080000000, 0x000000008b880000, 0x00000000d5580000)
  object space 188928K, 99% used [0x0000000080000000,0x000000008b7ba640,0x000000008b880000)
 Metaspace       used 94791K, committed 96512K, reserved 1179648K
  class space    used 9085K, committed 9920K, reserved 1048576K
}
Event: 18562.462 GC heap before
{Heap before GC invocations=9193 (full 148):
 PSYoungGen      total 3584K, used 3520K [0x00000000d5580000, 0x00000000d5a00000, 0x0000000100000000)
  eden space 3072K, 100% used [0x00000000d5580000,0x00000000d5880000,0x00000000d5880000)
  from space 512K, 87% used [0x00000000d5900000,0x00000000d5970020,0x00000000d5980000)
  to   space 512K, 0% used [0x00000000d5980000,0x00000000d5980000,0x00000000d5a00000)
 ParOldGen       total 188928K, used 188137K [0x0000000080000000, 0x000000008b880000, 0x00000000d5580000)
  object space 188928K, 99% used [0x0000000080000000,0x000000008b7ba640,0x000000008b880000)
 Metaspace       used 94791K, committed 96512K, reserved 1179648K
  class space    used 9085K, committed 9920K, reserved 1048576K
}
Event: 18562.463 GC heap after
{Heap after GC invocations=9193 (full 148):
 PSYoungGen      total 3584K, used 493K [0x00000000d5580000, 0x00000000d5a80000, 0x0000000100000000)
  eden space 3072K, 0% used [0x00000000d5580000,0x00000000d5580000,0x00000000d5880000)
  from space 512K, 96% used [0x00000000d5980000,0x00000000d59fb680,0x00000000d5a00000)
  to   space 1024K, 0% used [0x00000000d5880000,0x00000000d5880000,0x00000000d5980000)
 ParOldGen       total 188928K, used 188321K [0x0000000080000000, 0x000000008b880000, 0x00000000d5580000)
  object space 188928K, 99% used [0x0000000080000000,0x000000008b7e8660,0x000000008b880000)
 Metaspace       used 94791K, committed 96512K, reserved 1179648K
  class space    used 9085K, committed 9920K, reserved 1048576K
}
Event: 18562.467 GC heap before
{Heap before GC invocations=9194 (full 148):
 PSYoungGen      total 3584K, used 3565K [0x00000000d5580000, 0x00000000d5a80000, 0x0000000100000000)
  eden space 3072K, 100% used [0x00000000d5580000,0x00000000d5880000,0x00000000d5880000)
  from space 512K, 96% used [0x00000000d5980000,0x00000000d59fb680,0x00000000d5a00000)
  to   space 1024K, 0% used [0x00000000d5880000,0x00000000d5880000,0x00000000d5980000)
 ParOldGen       total 188928K, used 188321K [0x0000000080000000, 0x000000008b880000, 0x00000000d5580000)
  object space 188928K, 99% used [0x0000000080000000,0x000000008b7e8660,0x000000008b880000)
 Metaspace       used 94791K, committed 96512K, reserved 1179648K
  class space    used 9085K, committed 9920K, reserved 1048576K
}
Event: 18562.467 GC heap after
{Heap after GC invocations=9194 (full 148):
 PSYoungGen      total 4096K, used 416K [0x00000000d5580000, 0x00000000d5a00000, 0x0000000100000000)
  eden space 3072K, 0% used [0x00000000d5580000,0x00000000d5580000,0x00000000d5880000)
  from space 1024K, 40% used [0x00000000d5880000,0x00000000d58e8000,0x00000000d5980000)
  to   space 512K, 0% used [0x00000000d5980000,0x00000000d5980000,0x00000000d5a00000)
 ParOldGen       total 188928K, used 188698K [0x0000000080000000, 0x000000008b880000, 0x00000000d5580000)
  object space 188928K, 99% used [0x0000000080000000,0x000000008b8469e0,0x000000008b880000)
 Metaspace       used 94791K, committed 96512K, reserved 1179648K
  class space    used 9085K, committed 9920K, reserved 1048576K
}
Event: 18562.467 GC heap before
{Heap before GC invocations=9195 (full 149):
 PSYoungGen      total 4096K, used 416K [0x00000000d5580000, 0x00000000d5a00000, 0x0000000100000000)
  eden space 3072K, 0% used [0x00000000d5580000,0x00000000d5580000,0x00000000d5880000)
  from space 1024K, 40% used [0x00000000d5880000,0x00000000d58e8000,0x00000000d5980000)
  to   space 512K, 0% used [0x00000000d5980000,0x00000000d5980000,0x00000000d5a00000)
 ParOldGen       total 188928K, used 188698K [0x0000000080000000, 0x000000008b880000, 0x00000000d5580000)
  object space 188928K, 99% used [0x0000000080000000,0x000000008b8469e0,0x000000008b880000)
 Metaspace       used 94791K, committed 96512K, reserved 1179648K
  class space    used 9085K, committed 9920K, reserved 1048576K
}

