# JRE version: OpenJDK Runtime Environment Temurin-21.0.11+10 (21.0.11+10) (build 21.0.11+10-LTS)
# Java VM: OpenJDK 64-Bit Server VM Temurin-21.0.11+10 (21.0.11+10-LTS, mixed mode, sharing, tiered, compressed oops, compressed class ptrs, parallel gc, windows-amd64)
GC Precious Log:
 CardTable entry size: 512
 CPUs: 16 total, 16 available
 Memory: 32634M
 Large Page Support: Disabled
 NUMA Support: Disabled
 Compressed Oops: Enabled (32-bit)
 Alignments: Space 512K, Generation 512K, Heap 2M
 Heap Min Capacity: 100M
 Heap Initial Capacity: 100M
 Heap Max Capacity: 2G
 Pre-touch: Disabled
 Parallel Workers: 13
Heap:
 PSYoungGen      total 5632K, used 4797K [0x00000000d5580000, 0x00000000d5c80000, 0x0000000100000000)
  eden space 5120K, 86% used [0x00000000d5580000,0x00000000d59d7488,0x00000000d5a80000)
  from space 512K, 68% used [0x00000000d5c00000,0x00000000d5c58000,0x00000000d5c80000)
  to   space 512K, 0% used [0x00000000d5b80000,0x00000000d5b80000,0x00000000d5c00000)
 ParOldGen       total 965120K, used 567260K [0x0000000080000000, 0x00000000bae80000, 0x00000000d5580000)
  object space 965120K, 58% used [0x0000000080000000,0x00000000a29f71e8,0x00000000bae80000)
 Metaspace       used 92710K, committed 94784K, reserved 1179648K
  class space    used 9536K, committed 10432K, reserved 1048576K
GC Heap History (20 events):
Event: 1835.782 GC heap before
{Heap before GC invocations=1414 (full 5):
 PSYoungGen      total 6144K, used 5588K [0x00000000d5580000, 0x00000000d5c80000, 0x0000000100000000)
  eden space 5120K, 99% used [0x00000000d5580000,0x00000000d5a7fff8,0x00000000d5a80000)
  from space 1024K, 45% used [0x00000000d5b80000,0x00000000d5bf5200,0x00000000d5c80000)
  to   space 1024K, 0% used [0x00000000d5a80000,0x00000000d5a80000,0x00000000d5b80000)
 ParOldGen       total 965120K, used 563993K [0x0000000080000000, 0x00000000bae80000, 0x00000000d5580000)
  object space 965120K, 58% used [0x0000000080000000,0x00000000a26c67c8,0x00000000bae80000)
 Metaspace       used 91811K, committed 93824K, reserved 1179648K
  class space    used 9393K, committed 10304K, reserved 1048576K
}
Event: 1835.783 GC heap after
{Heap after GC invocations=1414 (full 5):
 PSYoungGen      total 6144K, used 1002K [0x00000000d5580000, 0x00000000d5d80000, 0x0000000100000000)
  eden space 5120K, 0% used [0x00000000d5580000,0x00000000d5580000,0x00000000d5a80000)
  from space 1024K, 97% used [0x00000000d5a80000,0x00000000d5b7a930,0x00000000d5b80000)
  to   space 1536K, 0% used [0x00000000d5c00000,0x00000000d5c00000,0x00000000d5d80000)
 ParOldGen       total 965120K, used 564134K [0x0000000080000000, 0x00000000bae80000, 0x00000000d5580000)
  object space 965120K, 58% used [0x0000000080000000,0x00000000a26e99c8,0x00000000bae80000)
 Metaspace       used 91811K, committed 93824K, reserved 1179648K
  class space    used 9393K, committed 10304K, reserved 1048576K
}
Event: 1840.209 GC heap before
{Heap before GC invocations=1415 (full 5):
 PSYoungGen      total 6144K, used 6122K [0x00000000d5580000, 0x00000000d5d80000, 0x0000000100000000)
  eden space 5120K, 100% used [0x00000000d5580000,0x00000000d5a80000,0x00000000d5a80000)
  from space 1024K, 97% used [0x00000000d5a80000,0x00000000d5b7a930,0x00000000d5b80000)
  to   space 1536K, 0% used [0x00000000d5c00000,0x00000000d5c00000,0x00000000d5d80000)
 ParOldGen       total 965120K, used 564134K [0x0000000080000000, 0x00000000bae80000, 0x00000000d5580000)
  object space 965120K, 58% used [0x0000000080000000,0x00000000a26e99c8,0x00000000bae80000)
 Metaspace       used 91811K, committed 93824K, reserved 1179648K
  class space    used 9393K, committed 10304K, reserved 1048576K
}
Event: 1840.210 GC heap after
{Heap after GC invocations=1415 (full 5):
 PSYoungGen      total 6144K, used 820K [0x00000000d5580000, 0x00000000d5d00000, 0x0000000100000000)
  eden space 5120K, 0% used [0x00000000d5580000,0x00000000d5580000,0x00000000d5a80000)
  from space 1024K, 80% used [0x00000000d5c00000,0x00000000d5ccd200,0x00000000d5d00000)
  to   space 1024K, 0% used [0x00000000d5a80000,0x00000000d5a80000,0x00000000d5b80000)
 ParOldGen       total 965120K, used 564979K [0x0000000080000000, 0x00000000bae80000, 0x00000000d5580000)
  object space 965120K, 58% used [0x0000000080000000,0x00000000a27bcc08,0x00000000bae80000)
 Metaspace       used 91811K, committed 93824K, reserved 1179648K
  class space    used 9393K, committed 10304K, reserved 1048576K
}
Event: 1840.491 GC heap before
{Heap before GC invocations=1416 (full 5):
 PSYoungGen      total 6144K, used 5940K [0x00000000d5580000, 0x00000000d5d00000, 0x0000000100000000)
  eden space 5120K, 100% used [0x00000000d5580000,0x00000000d5a80000,0x00000000d5a80000)
  from space 1024K, 80% used [0x00000000d5c00000,0x00000000d5ccd200,0x00000000d5d00000)
  to   space 1024K, 0% used [0x00000000d5a80000,0x00000000d5a80000,0x00000000d5b80000)
 ParOldGen       total 965120K, used 564979K [0x0000000080000000, 0x00000000bae80000, 0x00000000d5580000)
  object space 965120K, 58% used [0x0000000080000000,0x00000000a27bcc08,0x00000000bae80000)
 Metaspace       used 91818K, committed 93824K, reserved 1179648K
  class space    used 9393K, committed 10304K, reserved 1048576K
}
Event: 1840.493 GC heap after
{Heap after GC invocations=1416 (full 5):
 PSYoungGen      total 6144K, used 1024K [0x00000000d5580000, 0x00000000d5e80000, 0x0000000100000000)
  eden space 5120K, 0% used [0x00000000d5580000,0x00000000d5580000,0x00000000d5a80000)
  from space 1024K, 100% used [0x00000000d5a80000,0x00000000d5b80000,0x00000000d5b80000)
  to   space 2048K, 0% used [0x00000000d5c80000,0x00000000d5c80000,0x00000000d5e80000)
 ParOldGen       total 965120K, used 565720K [0x0000000080000000, 0x00000000bae80000, 0x00000000d5580000)
  object space 965120K, 58% used [0x0000000080000000,0x00000000a2876318,0x00000000bae80000)
 Metaspace       used 91818K, committed 93824K, reserved 1179648K
  class space    used 9393K, committed 10304K, reserved 1048576K
}
Event: 1840.631 GC heap before
{Heap before GC invocations=1417 (full 5):
 PSYoungGen      total 6144K, used 6144K [0x00000000d5580000, 0x00000000d5e80000, 0x0000000100000000)
  eden space 5120K, 100% used [0x00000000d5580000,0x00000000d5a80000,0x00000000d5a80000)
  from space 1024K, 100% used [0x00000000d5a80000,0x00000000d5b80000,0x00000000d5b80000)
  to   space 2048K, 0% used [0x00000000d5c80000,0x00000000d5c80000,0x00000000d5e80000)
 ParOldGen       total 965120K, used 565720K [0x0000000080000000, 0x00000000bae80000, 0x00000000d5580000)
  object space 965120K, 58% used [0x0000000080000000,0x00000000a2876318,0x00000000bae80000)
 Metaspace       used 91821K, committed 93824K, reserved 1179648K
  class space    used 9393K, committed 10304K, reserved 1048576K
}
Event: 1840.633 GC heap after
{Heap after GC invocations=1417 (full 5):
 PSYoungGen      total 7168K, used 1428K [0x00000000d5580000, 0x00000000d5e80000, 0x0000000100000000)
  eden space 5120K, 0% used [0x00000000d5580000,0x00000000d5580000,0x00000000d5a80000)
  from space 2048K, 69% used [0x00000000d5c80000,0x00000000d5de5200,0x00000000d5e80000)
  to   space 2048K, 0% used [0x00000000d5a80000,0x00000000d5a80000,0x00000000d5c80000)
 ParOldGen       total 965120K, used 566786K [0x0000000080000000, 0x00000000bae80000, 0x00000000d5580000)
  object space 965120K, 58% used [0x0000000080000000,0x00000000a2980828,0x00000000bae80000)
 Metaspace       used 91821K, committed 93824K, reserved 1179648K
  class space    used 9393K, committed 10304K, reserved 1048576K
}
Event: 1841.062 GC heap before
{Heap before GC invocations=1418 (full 5):
 PSYoungGen      total 7168K, used 6548K [0x00000000d5580000, 0x00000000d5e80000, 0x0000000100000000)
  eden space 5120K, 100% used [0x00000000d5580000,0x00000000d5a80000,0x00000000d5a80000)
  from space 2048K, 69% used [0x00000000d5c80000,0x00000000d5de5200,0x00000000d5e80000)
  to   space 2048K, 0% used [0x00000000d5a80000,0x00000000d5a80000,0x00000000d5c80000)
 ParOldGen       total 965120K, used 566786K [0x0000000080000000, 0x00000000bae80000, 0x00000000d5580000)
  object space 965120K, 58% used [0x0000000080000000,0x00000000a2980828,0x00000000bae80000)
 Metaspace       used 91822K, committed 93824K, reserved 1179648K
  class space    used 9393K, committed 10304K, reserved 1048576K
}
Event: 1841.063 GC heap after
{Heap after GC invocations=1418 (full 5):
 PSYoungGen      total 5632K, used 192K [0x00000000d5580000, 0x00000000d5d00000, 0x0000000100000000)
  eden space 5120K, 0% used [0x00000000d5580000,0x00000000d5580000,0x00000000d5a80000)
  from space 512K, 37% used [0x00000000d5a80000,0x00000000d5ab0000,0x00000000d5b00000)
  to   space 1024K, 0% used [0x00000000d5c00000,0x00000000d5c00000,0x00000000d5d00000)
 ParOldGen       total 965120K, used 566810K [0x0000000080000000, 0x00000000bae80000, 0x00000000d5580000)
  object space 965120K, 58% used [0x0000000080000000,0x00000000a2986828,0x00000000bae80000)
 Metaspace       used 91822K, committed 93824K, reserved 1179648K
  class space    used 9393K, committed 10304K, reserved 1048576K
}
Event: 1843.026 GC heap before
{Heap before GC invocations=1419 (full 5):
 PSYoungGen      total 5632K, used 5312K [0x00000000d5580000, 0x00000000d5d00000, 0x0000000100000000)
  eden space 5120K, 100% used [0x00000000d5580000,0x00000000d5a80000,0x00000000d5a80000)
  from space 512K, 37% used [0x00000000d5a80000,0x00000000d5ab0000,0x00000000d5b00000)
  to   space 1024K, 0% used [0x00000000d5c00000,0x00000000d5c00000,0x00000000d5d00000)
 ParOldGen       total 965120K, used 566810K [0x0000000080000000, 0x00000000bae80000, 0x00000000d5580000)
  object space 965120K, 58% used [0x0000000080000000,0x00000000a2986828,0x00000000bae80000)
 Metaspace       used 91825K, committed 93824K, reserved 1179648K
  class space    used 9393K, committed 10304K, reserved 1048576K
}
Event: 1843.028 GC heap after
{Heap after GC invocations=1419 (full 5):
 PSYoungGen      total 5632K, used 506K [0x00000000d5580000, 0x00000000d5c80000, 0x0000000100000000)
  eden space 5120K, 0% used [0x00000000d5580000,0x00000000d5580000,0x00000000d5a80000)
  from space 512K, 98% used [0x00000000d5c00000,0x00000000d5c7e900,0x00000000d5c80000)
  to   space 1024K, 0% used [0x00000000d5a80000,0x00000000d5a80000,0x00000000d5b80000)
 ParOldGen       total 965120K, used 566866K [0x0000000080000000, 0x00000000bae80000, 0x00000000d5580000)
  object space 965120K, 58% used [0x0000000080000000,0x00000000a2994828,0x00000000bae80000)
 Metaspace       used 91825K, committed 93824K, reserved 1179648K
  class space    used 9393K, committed 10304K, reserved 1048576K
}
Event: 1849.527 GC heap before
{Heap before GC invocations=1420 (full 5):
 PSYoungGen      total 5632K, used 5626K [0x00000000d5580000, 0x00000000d5c80000, 0x0000000100000000)
  eden space 5120K, 100% used [0x00000000d5580000,0x00000000d5a80000,0x00000000d5a80000)
  from space 512K, 98% used [0x00000000d5c00000,0x00000000d5c7e900,0x00000000d5c80000)
  to   space 1024K, 0% used [0x00000000d5a80000,0x00000000d5a80000,0x00000000d5b80000)
 ParOldGen       total 965120K, used 566866K [0x0000000080000000, 0x00000000bae80000, 0x00000000d5580000)
  object space 965120K, 58% used [0x0000000080000000,0x00000000a2994828,0x00000000bae80000)
 Metaspace       used 91847K, committed 93824K, reserved 1179648K
  class space    used 9396K, committed 10304K, reserved 1048576K
}
Event: 1849.528 GC heap after
{Heap after GC invocations=1420 (full 5):
 PSYoungGen      total 6144K, used 384K [0x00000000d5580000, 0x00000000d5c80000, 0x0000000100000000)
  eden space 5120K, 0% used [0x00000000d5580000,0x00000000d5580000,0x00000000d5a80000)
  from space 1024K, 37% used [0x00000000d5a80000,0x00000000d5ae0000,0x00000000d5b80000)
  to   space 512K, 0% used [0x00000000d5c00000,0x00000000d5c00000,0x00000000d5c80000)
 ParOldGen       total 965120K, used 566938K [0x0000000080000000, 0x00000000bae80000, 0x00000000d5580000)
  object space 965120K, 58% used [0x0000000080000000,0x00000000a29a6828,0x00000000bae80000)
 Metaspace       used 91847K, committed 93824K, reserved 1179648K
  class space    used 9396K, committed 10304K, reserved 1048576K
}
Event: 1849.803 GC heap before
{Heap before GC invocations=1421 (full 5):
 PSYoungGen      total 6144K, used 5504K [0x00000000d5580000, 0x00000000d5c80000, 0x0000000100000000)
  eden space 5120K, 100% used [0x00000000d5580000,0x00000000d5a80000,0x00000000d5a80000)
  from space 1024K, 37% used [0x00000000d5a80000,0x00000000d5ae0000,0x00000000d5b80000)
  to   space 512K, 0% used [0x00000000d5c00000,0x00000000d5c00000,0x00000000d5c80000)
 ParOldGen       total 965120K, used 566938K [0x0000000080000000, 0x00000000bae80000, 0x00000000d5580000)
  object space 965120K, 58% used [0x0000000080000000,0x00000000a29a6828,0x00000000bae80000)
 Metaspace       used 92512K, committed 94528K, reserved 1179648K
  class space    used 9512K, committed 10432K, reserved 1048576K
}
Event: 1849.804 GC heap after
{Heap after GC invocations=1421 (full 5):
 PSYoungGen      total 5632K, used 416K [0x00000000d5580000, 0x00000000d5c80000, 0x0000000100000000)
  eden space 5120K, 0% used [0x00000000d5580000,0x00000000d5580000,0x00000000d5a80000)
  from space 512K, 81% used [0x00000000d5c00000,0x00000000d5c68000,0x00000000d5c80000)
  to   space 512K, 0% used [0x00000000d5b80000,0x00000000d5b80000,0x00000000d5c00000)
 ParOldGen       total 965120K, used 567034K [0x0000000080000000, 0x00000000bae80000, 0x00000000d5580000)
  object space 965120K, 58% used [0x0000000080000000,0x00000000a29be828,0x00000000bae80000)
 Metaspace       used 92512K, committed 94528K, reserved 1179648K
  class space    used 9512K, committed 10432K, reserved 1048576K
}
Event: 1850.546 GC heap before
{Heap before GC invocations=1422 (full 5):
 PSYoungGen      total 5632K, used 5536K [0x00000000d5580000, 0x00000000d5c80000, 0x0000000100000000)
  eden space 5120K, 100% used [0x00000000d5580000,0x00000000d5a80000,0x00000000d5a80000)
  from space 512K, 81% used [0x00000000d5c00000,0x00000000d5c68000,0x00000000d5c80000)
  to   space 512K, 0% used [0x00000000d5b80000,0x00000000d5b80000,0x00000000d5c00000)
 ParOldGen       total 965120K, used 567034K [0x0000000080000000, 0x00000000bae80000, 0x00000000d5580000)
  object space 965120K, 58% used [0x0000000080000000,0x00000000a29be828,0x00000000bae80000)
 Metaspace       used 92696K, committed 94720K, reserved 1179648K
  class space    used 9536K, committed 10432K, reserved 1048576K
}
Event: 1850.547 GC heap after
{Heap after GC invocations=1422 (full 5):
 PSYoungGen      total 5632K, used 384K [0x00000000d5580000, 0x00000000d5c80000, 0x0000000100000000)
  eden space 5120K, 0% used [0x00000000d5580000,0x00000000d5580000,0x00000000d5a80000)
  from space 512K, 75% used [0x00000000d5b80000,0x00000000d5be0000,0x00000000d5c00000)
  to   space 512K, 0% used [0x00000000d5c00000,0x00000000d5c00000,0x00000000d5c80000)
 ParOldGen       total 965120K, used 567163K [0x0000000080000000, 0x00000000bae80000, 0x00000000d5580000)
  object space 965120K, 58% used [0x0000000080000000,0x00000000a29ded08,0x00000000bae80000)
 Metaspace       used 92696K, committed 94720K, reserved 1179648K
  class space    used 9536K, committed 10432K, reserved 1048576K
}
Event: 1852.752 GC heap before
{Heap before GC invocations=1423 (full 5):
 PSYoungGen      total 5632K, used 5504K [0x00000000d5580000, 0x00000000d5c80000, 0x0000000100000000)
  eden space 5120K, 100% used [0x00000000d5580000,0x00000000d5a80000,0x00000000d5a80000)
  from space 512K, 75% used [0x00000000d5b80000,0x00000000d5be0000,0x00000000d5c00000)
  to   space 512K, 0% used [0x00000000d5c00000,0x00000000d5c00000,0x00000000d5c80000)
 ParOldGen       total 965120K, used 567163K [0x0000000080000000, 0x00000000bae80000, 0x00000000d5580000)
  object space 965120K, 58% used [0x0000000080000000,0x00000000a29ded08,0x00000000bae80000)
 Metaspace       used 92701K, committed 94720K, reserved 1179648K
  class space    used 9536K, committed 10432K, reserved 1048576K
}
Event: 1852.753 GC heap after
{Heap after GC invocations=1423 (full 5):
 PSYoungGen      total 5632K, used 352K [0x00000000d5580000, 0x00000000d5c80000, 0x0000000100000000)
  eden space 5120K, 0% used [0x00000000d5580000,0x00000000d5580000,0x00000000d5a80000)
  from space 512K, 68% used [0x00000000d5c00000,0x00000000d5c58000,0x00000000d5c80000)
  to   space 512K, 0% used [0x00000000d5b80000,0x00000000d5b80000,0x00000000d5c00000)
 ParOldGen       total 965120K, used 567260K [0x0000000080000000, 0x00000000bae80000, 0x00000000d5580000)
  object space 965120K, 58% used [0x0000000080000000,0x00000000a29f71e8,0x00000000bae80000)
 Metaspace       used 92701K, committed 94720K, reserved 1179648K
  class space    used 9536K, committed 10432K, reserved 1048576K
}

