# JRE version: Java(TM) SE Runtime Environment (21.0.8+12) (build 21.0.8+12-LTS-250)
# Java VM: Java HotSpot(TM) 64-Bit Server VM (21.0.8+12-LTS-250, mixed mode, sharing, tiered, compressed oops, compressed class ptrs, parallel gc, windows-amd64)
GC Precious Log:
 CardTable entry size: 512
 CPUs: 16 total, 16 available
 Memory: 31864M
 Large Page Support: Disabled
 NUMA Support: Disabled
 Compressed Oops: Enabled (32-bit)
 Alignments: Space 512K, Generation 512K, Heap 2M
 Heap Min Capacity: 100M
 Heap Initial Capacity: 100M
 Heap Max Capacity: 2G
 Pre-touch: Disabled
 Parallel Workers: 13
Heap:
 PSYoungGen      total 2560K, used 1248K [0x00000000d5580000, 0x00000000d5980000, 0x0000000100000000)
  eden space 1024K, 0% used [0x00000000d5580000,0x00000000d5580000,0x00000000d5680000)
  from space 1536K, 81% used [0x00000000d5800000,0x00000000d5938000,0x00000000d5980000)
  to   space 1536K, 0% used [0x00000000d5680000,0x00000000d5680000,0x00000000d5800000)
 ParOldGen       total 139264K, used 138429K [0x0000000080000000, 0x0000000088800000, 0x00000000d5580000)
  object space 139264K, 99% used [0x0000000080000000,0x000000008872f508,0x0000000088800000)
 Metaspace       used 94612K, committed 96576K, reserved 1179648K
  class space    used 9463K, committed 10368K, reserved 1048576K
GC Heap History (20 events):
Event: 3568.694 GC heap after
{Heap after GC invocations=1360 (full 29):
 PSYoungGen      total 3584K, used 524K [0x00000000d5580000, 0x00000000d5a00000, 0x0000000100000000)
  eden space 2560K, 0% used [0x00000000d5580000,0x00000000d5580000,0x00000000d5800000)
  from space 1024K, 51% used [0x00000000d5800000,0x00000000d5883330,0x00000000d5900000)
  to   space 1024K, 0% used [0x00000000d5900000,0x00000000d5900000,0x00000000d5a00000)
 ParOldGen       total 139264K, used 132663K [0x0000000080000000, 0x0000000088800000, 0x00000000d5580000)
  object space 139264K, 95% used [0x0000000080000000,0x000000008818de48,0x0000000088800000)
 Metaspace       used 94611K, committed 96576K, reserved 1179648K
  class space    used 9463K, committed 10368K, reserved 1048576K
}
Event: 3568.698 GC heap before
{Heap before GC invocations=1361 (full 29):
 PSYoungGen      total 3584K, used 3084K [0x00000000d5580000, 0x00000000d5a00000, 0x0000000100000000)
  eden space 2560K, 100% used [0x00000000d5580000,0x00000000d5800000,0x00000000d5800000)
  from space 1024K, 51% used [0x00000000d5800000,0x00000000d5883330,0x00000000d5900000)
  to   space 1024K, 0% used [0x00000000d5900000,0x00000000d5900000,0x00000000d5a00000)
 ParOldGen       total 139264K, used 132663K [0x0000000080000000, 0x0000000088800000, 0x00000000d5580000)
  object space 139264K, 95% used [0x0000000080000000,0x000000008818de48,0x0000000088800000)
 Metaspace       used 94611K, committed 96576K, reserved 1179648K
  class space    used 9463K, committed 10368K, reserved 1048576K
}
Event: 3568.698 GC heap after
{Heap after GC invocations=1361 (full 29):
 PSYoungGen      total 3072K, used 416K [0x00000000d5580000, 0x00000000d5980000, 0x0000000100000000)
  eden space 2560K, 0% used [0x00000000d5580000,0x00000000d5580000,0x00000000d5800000)
  from space 512K, 81% used [0x00000000d5900000,0x00000000d5968000,0x00000000d5980000)
  to   space 512K, 0% used [0x00000000d5880000,0x00000000d5880000,0x00000000d5900000)
 ParOldGen       total 139264K, used 133025K [0x0000000080000000, 0x0000000088800000, 0x00000000d5580000)
  object space 139264K, 95% used [0x0000000080000000,0x00000000881e84a8,0x0000000088800000)
 Metaspace       used 94611K, committed 96576K, reserved 1179648K
  class space    used 9463K, committed 10368K, reserved 1048576K
}
Event: 3568.702 GC heap before
{Heap before GC invocations=1362 (full 29):
 PSYoungGen      total 3072K, used 2976K [0x00000000d5580000, 0x00000000d5980000, 0x0000000100000000)
  eden space 2560K, 100% used [0x00000000d5580000,0x00000000d5800000,0x00000000d5800000)
  from space 512K, 81% used [0x00000000d5900000,0x00000000d5968000,0x00000000d5980000)
  to   space 512K, 0% used [0x00000000d5880000,0x00000000d5880000,0x00000000d5900000)
 ParOldGen       total 139264K, used 133025K [0x0000000080000000, 0x0000000088800000, 0x00000000d5580000)
  object space 139264K, 95% used [0x0000000080000000,0x00000000881e84a8,0x0000000088800000)
 Metaspace       used 94611K, committed 96576K, reserved 1179648K
  class space    used 9463K, committed 10368K, reserved 1048576K
}
Event: 3568.702 GC heap after
{Heap after GC invocations=1362 (full 29):
 PSYoungGen      total 3072K, used 416K [0x00000000d5580000, 0x00000000d5980000, 0x0000000100000000)
  eden space 2560K, 0% used [0x00000000d5580000,0x00000000d5580000,0x00000000d5800000)
  from space 512K, 81% used [0x00000000d5880000,0x00000000d58e8000,0x00000000d5900000)
  to   space 512K, 0% used [0x00000000d5900000,0x00000000d5900000,0x00000000d5980000)
 ParOldGen       total 139264K, used 133089K [0x0000000080000000, 0x0000000088800000, 0x00000000d5580000)
  object space 139264K, 95% used [0x0000000080000000,0x00000000881f84a8,0x0000000088800000)
 Metaspace       used 94611K, committed 96576K, reserved 1179648K
  class space    used 9463K, committed 10368K, reserved 1048576K
}
Event: 3568.705 GC heap before
{Heap before GC invocations=1363 (full 29):
 PSYoungGen      total 3072K, used 2976K [0x00000000d5580000, 0x00000000d5980000, 0x0000000100000000)
  eden space 2560K, 100% used [0x00000000d5580000,0x00000000d5800000,0x00000000d5800000)
  from space 512K, 81% used [0x00000000d5880000,0x00000000d58e8000,0x00000000d5900000)
  to   space 512K, 0% used [0x00000000d5900000,0x00000000d5900000,0x00000000d5980000)
 ParOldGen       total 139264K, used 133089K [0x0000000080000000, 0x0000000088800000, 0x00000000d5580000)
  object space 139264K, 95% used [0x0000000080000000,0x00000000881f84a8,0x0000000088800000)
 Metaspace       used 94611K, committed 96576K, reserved 1179648K
  class space    used 9463K, committed 10368K, reserved 1048576K
}
Event: 3568.705 GC heap after
{Heap after GC invocations=1363 (full 29):
 PSYoungGen      total 3072K, used 416K [0x00000000d5580000, 0x00000000d5980000, 0x0000000100000000)
  eden space 2560K, 0% used [0x00000000d5580000,0x00000000d5580000,0x00000000d5800000)
  from space 512K, 81% used [0x00000000d5900000,0x00000000d5968000,0x00000000d5980000)
  to   space 512K, 0% used [0x00000000d5880000,0x00000000d5880000,0x00000000d5900000)
 ParOldGen       total 139264K, used 133177K [0x0000000080000000, 0x0000000088800000, 0x00000000d5580000)
  object space 139264K, 95% used [0x0000000080000000,0x000000008820e4a8,0x0000000088800000)
 Metaspace       used 94611K, committed 96576K, reserved 1179648K
  class space    used 9463K, committed 10368K, reserved 1048576K
}
Event: 3570.399 GC heap before
{Heap before GC invocations=1364 (full 29):
 PSYoungGen      total 3072K, used 2976K [0x00000000d5580000, 0x00000000d5980000, 0x0000000100000000)
  eden space 2560K, 100% used [0x00000000d5580000,0x00000000d5800000,0x00000000d5800000)
  from space 512K, 81% used [0x00000000d5900000,0x00000000d5968000,0x00000000d5980000)
  to   space 512K, 0% used [0x00000000d5880000,0x00000000d5880000,0x00000000d5900000)
 ParOldGen       total 139264K, used 133177K [0x0000000080000000, 0x0000000088800000, 0x00000000d5580000)
  object space 139264K, 95% used [0x0000000080000000,0x000000008820e4a8,0x0000000088800000)
 Metaspace       used 94612K, committed 96576K, reserved 1179648K
  class space    used 9463K, committed 10368K, reserved 1048576K
}
Event: 3570.399 GC heap after
{Heap after GC invocations=1364 (full 29):
 PSYoungGen      total 3072K, used 384K [0x00000000d5580000, 0x00000000d5980000, 0x0000000100000000)
  eden space 2560K, 0% used [0x00000000d5580000,0x00000000d5580000,0x00000000d5800000)
  from space 512K, 75% used [0x00000000d5880000,0x00000000d58e0000,0x00000000d5900000)
  to   space 512K, 0% used [0x00000000d5900000,0x00000000d5900000,0x00000000d5980000)
 ParOldGen       total 139264K, used 133257K [0x0000000080000000, 0x0000000088800000, 0x00000000d5580000)
  object space 139264K, 95% used [0x0000000080000000,0x00000000882224a8,0x0000000088800000)
 Metaspace       used 94612K, committed 96576K, reserved 1179648K
  class space    used 9463K, committed 10368K, reserved 1048576K
}
Event: 3570.402 GC heap before
{Heap before GC invocations=1365 (full 29):
 PSYoungGen      total 3072K, used 2944K [0x00000000d5580000, 0x00000000d5980000, 0x0000000100000000)
  eden space 2560K, 100% used [0x00000000d5580000,0x00000000d5800000,0x00000000d5800000)
  from space 512K, 75% used [0x00000000d5880000,0x00000000d58e0000,0x00000000d5900000)
  to   space 512K, 0% used [0x00000000d5900000,0x00000000d5900000,0x00000000d5980000)
 ParOldGen       total 139264K, used 133257K [0x0000000080000000, 0x0000000088800000, 0x00000000d5580000)
  object space 139264K, 95% used [0x0000000080000000,0x00000000882224a8,0x0000000088800000)
 Metaspace       used 94612K, committed 96576K, reserved 1179648K
  class space    used 9463K, committed 10368K, reserved 1048576K
}
Event: 3570.402 GC heap after
{Heap after GC invocations=1365 (full 29):
 PSYoungGen      total 1536K, used 512K [0x00000000d5580000, 0x00000000d5d00000, 0x0000000100000000)
  eden space 1024K, 0% used [0x00000000d5580000,0x00000000d5580000,0x00000000d5680000)
  from space 512K, 100% used [0x00000000d5900000,0x00000000d5980000,0x00000000d5980000)
  to   space 2560K, 0% used [0x00000000d5680000,0x00000000d5680000,0x00000000d5900000)
 ParOldGen       total 139264K, used 134869K [0x0000000080000000, 0x0000000088800000, 0x00000000d5580000)
  object space 139264K, 96% used [0x0000000080000000,0x00000000883b5508,0x0000000088800000)
 Metaspace       used 94612K, committed 96576K, reserved 1179648K
  class space    used 9463K, committed 10368K, reserved 1048576K
}
Event: 3570.404 GC heap before
{Heap before GC invocations=1366 (full 29):
 PSYoungGen      total 1536K, used 1536K [0x00000000d5580000, 0x00000000d5d00000, 0x0000000100000000)
  eden space 1024K, 100% used [0x00000000d5580000,0x00000000d5680000,0x00000000d5680000)
  from space 512K, 100% used [0x00000000d5900000,0x00000000d5980000,0x00000000d5980000)
  to   space 2560K, 0% used [0x00000000d5680000,0x00000000d5680000,0x00000000d5900000)
 ParOldGen       total 139264K, used 134869K [0x0000000080000000, 0x0000000088800000, 0x00000000d5580000)
  object space 139264K, 96% used [0x0000000080000000,0x00000000883b5508,0x0000000088800000)
 Metaspace       used 94612K, committed 96576K, reserved 1179648K
  class space    used 9463K, committed 10368K, reserved 1048576K
}
Event: 3570.404 GC heap after
{Heap after GC invocations=1366 (full 29):
 PSYoungGen      total 2560K, used 1216K [0x00000000d5580000, 0x00000000d5980000, 0x0000000100000000)
  eden space 1024K, 0% used [0x00000000d5580000,0x00000000d5580000,0x00000000d5680000)
  from space 1536K, 79% used [0x00000000d5680000,0x00000000d57b0000,0x00000000d5800000)
  to   space 1536K, 0% used [0x00000000d5800000,0x00000000d5800000,0x00000000d5980000)
 ParOldGen       total 139264K, used 135261K [0x0000000080000000, 0x0000000088800000, 0x00000000d5580000)
  object space 139264K, 97% used [0x0000000080000000,0x0000000088417508,0x0000000088800000)
 Metaspace       used 94612K, committed 96576K, reserved 1179648K
  class space    used 9463K, committed 10368K, reserved 1048576K
}
Event: 3570.405 GC heap before
{Heap before GC invocations=1367 (full 29):
 PSYoungGen      total 2560K, used 2240K [0x00000000d5580000, 0x00000000d5980000, 0x0000000100000000)
  eden space 1024K, 100% used [0x00000000d5580000,0x00000000d5680000,0x00000000d5680000)
  from space 1536K, 79% used [0x00000000d5680000,0x00000000d57b0000,0x00000000d5800000)
  to   space 1536K, 0% used [0x00000000d5800000,0x00000000d5800000,0x00000000d5980000)
 ParOldGen       total 139264K, used 135261K [0x0000000080000000, 0x0000000088800000, 0x00000000d5580000)
  object space 139264K, 97% used [0x0000000080000000,0x0000000088417508,0x0000000088800000)
 Metaspace       used 94612K, committed 96576K, reserved 1179648K
  class space    used 9463K, committed 10368K, reserved 1048576K
}
Event: 3570.405 GC heap after
{Heap after GC invocations=1367 (full 29):
 PSYoungGen      total 2560K, used 1216K [0x00000000d5580000, 0x00000000d5980000, 0x0000000100000000)
  eden space 1024K, 0% used [0x00000000d5580000,0x00000000d5580000,0x00000000d5680000)
  from space 1536K, 79% used [0x00000000d5800000,0x00000000d5930000,0x00000000d5980000)
  to   space 1536K, 0% used [0x00000000d5680000,0x00000000d5680000,0x00000000d5800000)
 ParOldGen       total 139264K, used 136325K [0x0000000080000000, 0x0000000088800000, 0x00000000d5580000)
  object space 139264K, 97% used [0x0000000080000000,0x0000000088521508,0x0000000088800000)
 Metaspace       used 94612K, committed 96576K, reserved 1179648K
  class space    used 9463K, committed 10368K, reserved 1048576K
}
Event: 3570.406 GC heap before
{Heap before GC invocations=1368 (full 29):
 PSYoungGen      total 2560K, used 2240K [0x00000000d5580000, 0x00000000d5980000, 0x0000000100000000)
  eden space 1024K, 100% used [0x00000000d5580000,0x00000000d5680000,0x00000000d5680000)
  from space 1536K, 79% used [0x00000000d5800000,0x00000000d5930000,0x00000000d5980000)
  to   space 1536K, 0% used [0x00000000d5680000,0x00000000d5680000,0x00000000d5800000)
 ParOldGen       total 139264K, used 136325K [0x0000000080000000, 0x0000000088800000, 0x00000000d5580000)
  object space 139264K, 97% used [0x0000000080000000,0x0000000088521508,0x0000000088800000)
 Metaspace       used 94612K, committed 96576K, reserved 1179648K
  class space    used 9463K, committed 10368K, reserved 1048576K
}
Event: 3570.407 GC heap after
{Heap after GC invocations=1368 (full 29):
 PSYoungGen      total 2560K, used 1280K [0x00000000d5580000, 0x00000000d5980000, 0x0000000100000000)
  eden space 1024K, 0% used [0x00000000d5580000,0x00000000d5580000,0x00000000d5680000)
  from space 1536K, 83% used [0x00000000d5680000,0x00000000d57c0000,0x00000000d5800000)
  to   space 1536K, 0% used [0x00000000d5800000,0x00000000d5800000,0x00000000d5980000)
 ParOldGen       total 139264K, used 137381K [0x0000000080000000, 0x0000000088800000, 0x00000000d5580000)
  object space 139264K, 98% used [0x0000000080000000,0x0000000088629508,0x0000000088800000)
 Metaspace       used 94612K, committed 96576K, reserved 1179648K
  class space    used 9463K, committed 10368K, reserved 1048576K
}
Event: 3570.408 GC heap before
{Heap before GC invocations=1369 (full 29):
 PSYoungGen      total 2560K, used 2303K [0x00000000d5580000, 0x00000000d5980000, 0x0000000100000000)
  eden space 1024K, 99% used [0x00000000d5580000,0x00000000d567ff98,0x00000000d5680000)
  from space 1536K, 83% used [0x00000000d5680000,0x00000000d57c0000,0x00000000d5800000)
  to   space 1536K, 0% used [0x00000000d5800000,0x00000000d5800000,0x00000000d5980000)
 ParOldGen       total 139264K, used 137381K [0x0000000080000000, 0x0000000088800000, 0x00000000d5580000)
  object space 139264K, 98% used [0x0000000080000000,0x0000000088629508,0x0000000088800000)
 Metaspace       used 94612K, committed 96576K, reserved 1179648K
  class space    used 9463K, committed 10368K, reserved 1048576K
}
Event: 3570.408 GC heap after
{Heap after GC invocations=1369 (full 29):
 PSYoungGen      total 2560K, used 1248K [0x00000000d5580000, 0x00000000d5980000, 0x0000000100000000)
  eden space 1024K, 0% used [0x00000000d5580000,0x00000000d5580000,0x00000000d5680000)
  from space 1536K, 81% used [0x00000000d5800000,0x00000000d5938000,0x00000000d5980000)
  to   space 1536K, 0% used [0x00000000d5680000,0x00000000d5680000,0x00000000d5800000)
 ParOldGen       total 139264K, used 138429K [0x0000000080000000, 0x0000000088800000, 0x00000000d5580000)
  object space 139264K, 99% used [0x0000000080000000,0x000000008872f508,0x0000000088800000)
 Metaspace       used 94612K, committed 96576K, reserved 1179648K
  class space    used 9463K, committed 10368K, reserved 1048576K
}
Event: 3570.408 GC heap before
{Heap before GC invocations=1370 (full 30):
 PSYoungGen      total 2560K, used 1248K [0x00000000d5580000, 0x00000000d5980000, 0x0000000100000000)
  eden space 1024K, 0% used [0x00000000d5580000,0x00000000d5580000,0x00000000d5680000)
  from space 1536K, 81% used [0x00000000d5800000,0x00000000d5938000,0x00000000d5980000)
  to   space 1536K, 0% used [0x00000000d5680000,0x00000000d5680000,0x00000000d5800000)
 ParOldGen       total 139264K, used 138429K [0x0000000080000000, 0x0000000088800000, 0x00000000d5580000)
  object space 139264K, 99% used [0x0000000080000000,0x000000008872f508,0x0000000088800000)
 Metaspace       used 94612K, committed 96576K, reserved 1179648K
  class space    used 9463K, committed 10368K, reserved 1048576K
}

